<?xml version="1.0" encoding="UTF-8"?>
<testng-results ignored="0" total="1" passed="1" failed="0" skipped="0">
  <reporter-output>
  </reporter-output>
  <suite started-at="2021-07-12T12:08:42 IDT" name="Default suite" finished-at="2021-07-12T12:08:52 IDT" duration-ms="9698">
    <groups>
    </groups>
    <test started-at="2021-07-12T12:08:42 IDT" name="Default test" finished-at="2021-07-12T12:08:52 IDT" duration-ms="9698">
      <class name="tests.checkMenuButtonsTest">
        <test-method is-config="true" signature="setup()[pri:0, instance:tests.checkMenuButtonsTest@37654521]" started-at="2021-07-12T12:08:42 IDT" name="setup" finished-at="2021-07-12T12:08:49 IDT" duration-ms="6650" status="PASS">
          <reporter-output>
          </reporter-output>
        </test-method> <!-- setup -->
        <test-method signature="TC02_checkMenuOptions()[pri:0, instance:tests.checkMenuButtonsTest@37654521]" started-at="2021-07-12T12:08:49 IDT" name="TC02_checkMenuOptions" description="check menu options" finished-at="2021-07-12T12:08:51 IDT" duration-ms="2310" status="PASS">
          <reporter-output>
          </reporter-output>
        </test-method> <!-- TC02_checkMenuOptions -->
        <test-method is-config="true" signature="tearDown()[pri:0, instance:tests.checkMenuButtonsTest@37654521]" started-at="2021-07-12T12:08:51 IDT" name="tearDown" finished-at="2021-07-12T12:08:52 IDT" duration-ms="682" status="PASS">
          <reporter-output>
          </reporter-output>
        </test-method> <!-- tearDown -->
      </class> <!-- tests.checkMenuButtonsTest -->
    </test> <!-- Default test -->
  </suite> <!-- Default suite -->
</testng-results>
